[      75ms] [LOG] [Fast Refresh] rebuilding @ webpack-internal:///(app-pages-browser)/../../node_modules/.pnpm/next@15.5.19_@babel+core@7.29.7_@playwright+test@1.60.0_react-dom@19.2.7_react@19.2.7__react@19.2.7/node_modules/next/dist/client/dev/hot-reloader/app/hot-reloader-app.js:196
[     535ms] [LOG] [Fast Refresh] done in 462ms @ webpack-internal:///(app-pages-browser)/../../node_modules/.pnpm/next@15.5.19_@babel+core@7.29.7_@playwright+test@1.60.0_react-dom@19.2.7_react@19.2.7__react@19.2.7/node_modules/next/dist/client/dev/report-hmr-latency.js:13
[     859ms] [ERROR] Failed to load resource: the server responded with a status of 404 (Not Found) @ http://localhost:3000/compliance:0
[    1090ms] [INFO] %cDownload the React DevTools for a better development experience: https://react.dev/link/react-devtools font-weight:bold @ webpack-internal:///(app-pages-browser)/../../node_modules/.pnpm/next@15.5.19_@babel+core@7.29.7_@playwright+test@1.60.0_react-dom@19.2.7_react@19.2.7__react@19.2.7/node_modules/next/dist/compiled/react-dom/cjs/react-dom-client.development.js:25630
[  140500ms] [LOG] [Fast Refresh] rebuilding @ webpack-internal:///(app-pages-browser)/../../node_modules/.pnpm/next@15.5.19_@babel+core@7.29.7_@playwright+test@1.60.0_react-dom@19.2.7_react@19.2.7__react@19.2.7/node_modules/next/dist/client/dev/hot-reloader/app/hot-reloader-app.js:196
[  140976ms] [LOG] [Fast Refresh] rebuilding @ webpack-internal:///(app-pages-browser)/../../node_modules/.pnpm/next@15.5.19_@babel+core@7.29.7_@playwright+test@1.60.0_react-dom@19.2.7_react@19.2.7__react@19.2.7/node_modules/next/dist/client/dev/hot-reloader/app/hot-reloader-app.js:196
[  141223ms] [LOG] [Fast Refresh] done in 248ms @ webpack-internal:///(app-pages-browser)/../../node_modules/.pnpm/next@15.5.19_@babel+core@7.29.7_@playwright+test@1.60.0_react-dom@19.2.7_react@19.2.7__react@19.2.7/node_modules/next/dist/client/dev/report-hmr-latency.js:13
[  141260ms] [LOG] [Fast Refresh] done in 284ms @ webpack-internal:///(app-pages-browser)/../../node_modules/.pnpm/next@15.5.19_@babel+core@7.29.7_@playwright+test@1.60.0_react-dom@19.2.7_react@19.2.7__react@19.2.7/node_modules/next/dist/client/dev/report-hmr-latency.js:13
[  141594ms] [ERROR] Failed to load resource: the server responded with a status of 404 (Not Found) @ http://localhost:3000/compliance?_rsc=g_T3MLodvk9d90vm:0
[  141630ms] [ERROR] Failed to load resource: the server responded with a status of 404 (Not Found) @ http://localhost:3000/compliance?_rsc=g_T3MLodvk9d90vm:0
[  142023ms] [ERROR] Failed to load resource: the server responded with a status of 404 (Not Found) @ http://localhost:3000/compliance:0
[  142497ms] [INFO] %cDownload the React DevTools for a better development experience: https://react.dev/link/react-devtools font-weight:bold @ webpack-internal:///(app-pages-browser)/../../node_modules/.pnpm/next@15.5.19_@babel+core@7.29.7_@playwright+test@1.60.0_react-dom@19.2.7_react@19.2.7__react@19.2.7/node_modules/next/dist/compiled/react-dom/cjs/react-dom-client.development.js:25630
[  161167ms] [LOG] [Fast Refresh] rebuilding @ webpack-internal:///(app-pages-browser)/../../node_modules/.pnpm/next@15.5.19_@babel+core@7.29.7_@playwright+test@1.60.0_react-dom@19.2.7_react@19.2.7__react@19.2.7/node_modules/next/dist/client/dev/hot-reloader/app/hot-reloader-app.js:196
[  161611ms] [ERROR] Failed to load resource: the server responded with a status of 404 (Not Found) @ http://localhost:3000/compliance?_rsc=g_T3MLodvk9d90vm:0
[  161628ms] [LOG] [Fast Refresh] done in 461ms @ webpack-internal:///(app-pages-browser)/../../node_modules/.pnpm/next@15.5.19_@babel+core@7.29.7_@playwright+test@1.60.0_react-dom@19.2.7_react@19.2.7__react@19.2.7/node_modules/next/dist/client/dev/report-hmr-latency.js:13
[  162009ms] [ERROR] Failed to load resource: the server responded with a status of 404 (Not Found) @ http://localhost:3000/compliance:0
[  162832ms] [INFO] %cDownload the React DevTools for a better development experience: https://react.dev/link/react-devtools font-weight:bold @ webpack-internal:///(app-pages-browser)/../../node_modules/.pnpm/next@15.5.19_@babel+core@7.29.7_@playwright+test@1.60.0_react-dom@19.2.7_react@19.2.7__react@19.2.7/node_modules/next/dist/compiled/react-dom/cjs/react-dom-client.development.js:25630
[  178286ms] [LOG] [Fast Refresh] rebuilding @ webpack-internal:///(app-pages-browser)/../../node_modules/.pnpm/next@15.5.19_@babel+core@7.29.7_@playwright+test@1.60.0_react-dom@19.2.7_react@19.2.7__react@19.2.7/node_modules/next/dist/client/dev/hot-reloader/app/hot-reloader-app.js:196
[  178676ms] [LOG] [Fast Refresh] rebuilding @ webpack-internal:///(app-pages-browser)/../../node_modules/.pnpm/next@15.5.19_@babel+core@7.29.7_@playwright+test@1.60.0_react-dom@19.2.7_react@19.2.7__react@19.2.7/node_modules/next/dist/client/dev/hot-reloader/app/hot-reloader-app.js:196
[  178723ms] [LOG] [Fast Refresh] done in 48ms @ webpack-internal:///(app-pages-browser)/../../node_modules/.pnpm/next@15.5.19_@babel+core@7.29.7_@playwright+test@1.60.0_react-dom@19.2.7_react@19.2.7__react@19.2.7/node_modules/next/dist/client/dev/report-hmr-latency.js:13
[  179272ms] [LOG] [Fast Refresh] done in 597ms @ webpack-internal:///(app-pages-browser)/../../node_modules/.pnpm/next@15.5.19_@babel+core@7.29.7_@playwright+test@1.60.0_react-dom@19.2.7_react@19.2.7__react@19.2.7/node_modules/next/dist/client/dev/report-hmr-latency.js:13
[  179524ms] [LOG] [Fast Refresh] rebuilding @ webpack-internal:///(app-pages-browser)/../../node_modules/.pnpm/next@15.5.19_@babel+core@7.29.7_@playwright+test@1.60.0_react-dom@19.2.7_react@19.2.7__react@19.2.7/node_modules/next/dist/client/dev/hot-reloader/app/hot-reloader-app.js:196
[  179623ms] [LOG] [Fast Refresh] done in 99ms @ webpack-internal:///(app-pages-browser)/../../node_modules/.pnpm/next@15.5.19_@babel+core@7.29.7_@playwright+test@1.60.0_react-dom@19.2.7_react@19.2.7__react@19.2.7/node_modules/next/dist/client/dev/report-hmr-latency.js:13
[  182813ms] [WARNING] The resource http://localhost:3000/_next/static/css/app/layout.css?v=1781686040808 was preloaded using link preload but not used within a few seconds from the window's load event. Please make sure it has an appropriate `as` value and it is preloaded intentionally. @ http://localhost:3000/compliance:0
